
[2024-07-16 15:19:37] Correo electrónico encontrado: Sistema de Alerta
[2024-07-16 15:19:37] Correo electrónico marcado como 'processing'.
[2024-07-16 15:20:08] Correo electrónico enviado con éxito.
[2024-07-16 15:20:14] No hay correos electrónicos pendientes.
[2024-07-16 15:20:20] No hay correos electrónicos pendientes.
[2024-07-16 15:20:25] No hay correos electrónicos pendientes.
[2024-07-16 15:20:31] No hay correos electrónicos pendientes.
[2024-07-16 15:20:36] Script finalizado después de 5 iteraciones.
[2024-07-16 19:45:20] Correo electrónico encontrado: Sistema de Alerta
[2024-07-16 19:45:20] Correo electrónico marcado como 'processing'.
[2024-07-16 19:45:58] Correo electrónico enviado con éxito.
[2024-07-16 19:46:04] No hay correos electrónicos pendientes.
[2024-07-16 19:46:09] No hay correos electrónicos pendientes.
[2024-07-16 19:46:15] No hay correos electrónicos pendientes.
[2024-07-16 19:46:21] No hay correos electrónicos pendientes.
[2024-07-16 19:46:26] Script finalizado después de 5 iteraciones.
[2024-07-16 19:51:26] Correo electrónico encontrado: Sistema de Alerta
[2024-07-16 19:51:26] Correo electrónico marcado como 'processing'.
[2024-07-16 19:52:01] Correo electrónico enviado con éxito.
[2024-07-16 19:52:07] No hay correos electrónicos pendientes.
[2024-07-16 19:52:12] No hay correos electrónicos pendientes.
[2024-07-16 19:52:18] No hay correos electrónicos pendientes.
[2024-07-16 19:52:23] No hay correos electrónicos pendientes.
[2024-07-16 19:52:29] Script finalizado después de 5 iteraciones.
[2024-07-16 20:09:08] Correo electrónico encontrado: Sistema de Alerta
[2024-07-16 20:09:08] Correo electrónico marcado como 'processing'.
[2024-07-16 20:09:44] Correo electrónico enviado con éxito.
[2024-07-16 20:09:50] No hay correos electrónicos pendientes.
[2024-07-16 20:09:55] No hay correos electrónicos pendientes.
[2024-07-16 20:10:01] No hay correos electrónicos pendientes.
[2024-07-16 20:10:06] No hay correos electrónicos pendientes.
[2024-07-16 20:10:11] Script finalizado después de 5 iteraciones.
[2024-07-16 20:13:58] Correo electrónico encontrado: Sistema de Alerta
[2024-07-16 20:13:58] Correo electrónico marcado como 'processing'.
[2024-07-16 20:14:28] Correo electrónico enviado con éxito.
[2024-07-16 20:14:34] No hay correos electrónicos pendientes.
[2024-07-16 20:14:40] No hay correos electrónicos pendientes.
[2024-07-16 20:14:46] No hay correos electrónicos pendientes.
[2024-07-16 20:14:51] No hay correos electrónicos pendientes.
[2024-07-16 20:14:56] Script finalizado después de 5 iteraciones.
[2024-07-16 20:15:51] Correo electrónico encontrado: Sistema de Alerta
[2024-07-16 20:15:51] Correo electrónico marcado como 'processing'.
[2024-07-16 20:16:32] Correo electrónico enviado con éxito.
[2024-07-16 20:16:38] No hay correos electrónicos pendientes.
[2024-07-16 20:16:43] No hay correos electrónicos pendientes.
[2024-07-16 20:16:49] No hay correos electrónicos pendientes.
[2024-07-16 20:16:55] No hay correos electrónicos pendientes.
[2024-07-16 20:17:00] Script finalizado después de 5 iteraciones.
[2024-07-16 20:25:56] Correo electrónico encontrado: Sistema de Alerta
[2024-07-16 20:25:56] Correo electrónico marcado como 'processing'.
[2024-07-16 20:26:27] Correo electrónico enviado con éxito.
[2024-07-16 20:26:33] No hay correos electrónicos pendientes.
[2024-07-16 20:26:39] No hay correos electrónicos pendientes.
[2024-07-16 20:26:44] No hay correos electrónicos pendientes.
[2024-07-16 20:26:50] No hay correos electrónicos pendientes.
[2024-07-16 20:26:55] Script finalizado después de 5 iteraciones.
[2024-07-16 20:28:43] Correo electrónico encontrado: Sistema de Alerta
[2024-07-16 20:28:43] Correo electrónico marcado como 'processing'.
[2024-07-16 20:29:13] Correo electrónico enviado con éxito.
[2024-07-16 20:29:19] No hay correos electrónicos pendientes.
[2024-07-16 20:29:24] No hay correos electrónicos pendientes.
[2024-07-16 20:29:30] No hay correos electrónicos pendientes.
[2024-07-16 20:29:36] No hay correos electrónicos pendientes.
[2024-07-16 20:29:41] Script finalizado después de 5 iteraciones.
[2024-07-16 20:34:08] Correo electrónico encontrado: Sistema de Alerta
[2024-07-16 20:34:08] Correo electrónico marcado como 'processing'.
[2024-07-16 20:34:39] Correo electrónico enviado con éxito.
[2024-07-16 20:34:45] No hay correos electrónicos pendientes.
[2024-07-16 20:34:50] No hay correos electrónicos pendientes.
[2024-07-16 20:34:56] No hay correos electrónicos pendientes.
[2024-07-16 20:35:01] No hay correos electrónicos pendientes.
[2024-07-16 20:35:07] Script finalizado después de 5 iteraciones.
[2024-07-16 20:37:10] Correo electrónico encontrado: Sistema de Alerta
[2024-07-16 20:37:10] Correo electrónico marcado como 'processing'.
[2024-07-16 20:37:49] Correo electrónico enviado con éxito.
[2024-07-16 20:37:55] No hay correos electrónicos pendientes.
[2024-07-16 20:38:01] No hay correos electrónicos pendientes.
[2024-07-16 20:38:06] No hay correos electrónicos pendientes.
[2024-07-16 20:38:12] No hay correos electrónicos pendientes.
[2024-07-16 20:38:17] Script finalizado después de 5 iteraciones.
[2024-07-16 20:58:06] Correo electrónico encontrado: Sistema de Alerta
[2024-07-16 20:58:07] Correo electrónico marcado como 'processing'.
[2024-07-16 20:58:35] Correo electrónico enviado con éxito.
[2024-07-16 20:58:41] No hay correos electrónicos pendientes.
[2024-07-16 20:58:47] No hay correos electrónicos pendientes.
[2024-07-16 20:58:52] No hay correos electrónicos pendientes.
[2024-07-16 20:58:58] No hay correos electrónicos pendientes.
[2024-07-16 20:59:03] Script finalizado después de 5 iteraciones.
[2024-07-16 21:02:28] Correo electrónico encontrado: Sistema de Alerta
[2024-07-16 21:02:28] Correo electrónico marcado como 'processing'.
[2024-07-16 21:02:59] Correo electrónico enviado con éxito.
[2024-07-16 21:03:05] No hay correos electrónicos pendientes.
[2024-07-16 21:03:11] No hay correos electrónicos pendientes.
[2024-07-16 21:03:16] No hay correos electrónicos pendientes.
[2024-07-16 21:03:22] No hay correos electrónicos pendientes.
[2024-07-16 21:03:27] Script finalizado después de 5 iteraciones.
[2024-07-16 21:05:12] Correo electrónico encontrado: Sistema de Alerta
[2024-07-16 21:05:13] Correo electrónico marcado como 'processing'.
[2024-07-16 21:05:44] Correo electrónico enviado con éxito.
[2024-07-16 21:05:50] No hay correos electrónicos pendientes.
[2024-07-16 21:05:55] No hay correos electrónicos pendientes.
[2024-07-16 21:06:01] No hay correos electrónicos pendientes.
[2024-07-16 21:06:06] No hay correos electrónicos pendientes.
[2024-07-16 21:06:12] Script finalizado después de 5 iteraciones.
[2024-07-16 21:08:09] Correo electrónico encontrado: Sistema de Alerta
[2024-07-16 21:08:09] Correo electrónico marcado como 'processing'.
[2024-07-16 21:08:41] Correo electrónico enviado con éxito.
[2024-07-16 21:08:47] No hay correos electrónicos pendientes.
[2024-07-16 21:08:53] No hay correos electrónicos pendientes.
[2024-07-16 21:08:58] No hay correos electrónicos pendientes.
[2024-07-16 21:09:04] No hay correos electrónicos pendientes.
[2024-07-16 21:09:09] Script finalizado después de 5 iteraciones.
[2024-07-16 21:10:24] Correo electrónico encontrado: Sistema de Alerta
[2024-07-16 21:10:24] Correo electrónico marcado como 'processing'.
[2024-07-16 21:10:54] Correo electrónico enviado con éxito.
[2024-07-16 21:11:00] No hay correos electrónicos pendientes.
[2024-07-16 21:11:06] No hay correos electrónicos pendientes.
[2024-07-16 21:11:11] No hay correos electrónicos pendientes.
[2024-07-16 21:11:17] No hay correos electrónicos pendientes.
[2024-07-16 21:11:22] Script finalizado después de 5 iteraciones.
[2024-07-16 21:14:20] Correo electrónico encontrado: Sistema de Alerta
[2024-07-16 21:14:20] Correo electrónico marcado como 'processing'.
[2024-07-16 21:14:51] Correo electrónico enviado con éxito.
[2024-07-16 21:14:57] No hay correos electrónicos pendientes.
[2024-07-16 21:15:02] No hay correos electrónicos pendientes.
[2024-07-16 21:15:08] No hay correos electrónicos pendientes.
[2024-07-16 21:15:14] No hay correos electrónicos pendientes.
[2024-07-16 21:15:19] Script finalizado después de 5 iteraciones.
[2024-07-16 21:17:03] Correo electrónico encontrado: Sistema de Alerta
[2024-07-16 21:17:03] Correo electrónico marcado como 'processing'.
[2024-07-16 21:17:33] Correo electrónico enviado con éxito.
[2024-07-16 21:17:39] No hay correos electrónicos pendientes.
[2024-07-16 21:17:45] No hay correos electrónicos pendientes.
[2024-07-16 21:17:51] No hay correos electrónicos pendientes.
[2024-07-16 21:17:56] No hay correos electrónicos pendientes.
[2024-07-16 21:18:01] Script finalizado después de 5 iteraciones.
[2024-07-16 21:20:09] Correo electrónico encontrado: Sistema de Alerta
[2024-07-16 21:20:09] Correo electrónico marcado como 'processing'.
[2024-07-16 21:20:40] Correo electrónico enviado con éxito.
[2024-07-16 21:20:46] No hay correos electrónicos pendientes.
[2024-07-16 21:20:52] No hay correos electrónicos pendientes.
[2024-07-16 21:20:58] No hay correos electrónicos pendientes.
[2024-07-16 21:21:03] No hay correos electrónicos pendientes.
[2024-07-16 21:21:08] Script finalizado después de 5 iteraciones.
[2024-07-16 21:44:35] Correo electrónico encontrado: Sistema de Alerta
[2024-07-16 21:44:36] Correo electrónico marcado como 'processing'.
[2024-07-16 21:45:07] Correo electrónico enviado con éxito.
[2024-07-16 21:45:13] No hay correos electrónicos pendientes.
[2024-07-16 21:45:19] No hay correos electrónicos pendientes.
[2024-07-16 21:45:24] No hay correos electrónicos pendientes.
[2024-07-16 21:45:30] No hay correos electrónicos pendientes.
[2024-07-16 21:45:35] Script finalizado después de 5 iteraciones.
[2024-07-17 01:29:36] Correo electrónico encontrado: Sistema de Alerta
[2024-07-17 01:29:36] Correo electrónico marcado como 'processing'.
[2024-07-17 01:30:07] Correo electrónico enviado con éxito.
[2024-07-17 01:30:13] No hay correos electrónicos pendientes.
[2024-07-17 01:30:14] Script finalizado después de  iteraciones.
[2024-07-17 01:31:24] Correo electrónico encontrado: Sistema de Alerta
[2024-07-17 01:31:24] Correo electrónico marcado como 'processing'.
[2024-07-17 01:31:54] Correo electrónico enviado con éxito.
[2024-07-17 01:32:00] No hay correos electrónicos pendientes.
[2024-07-17 01:32:01] Script finalizado.
[2024-07-17 01:35:03] Correo electrónico encontrado: Sistema de Alerta
[2024-07-17 01:35:03] Correo electrónico marcado como 'processing'.
[2024-07-17 01:35:32] Correo electrónico enviado con éxito.
[2024-07-17 01:35:38] No hay correos electrónicos pendientes.
[2024-07-17 01:35:44] No hay correos electrónicos pendientes.
[2024-07-17 01:35:49] No hay correos electrónicos pendientes.
[2024-07-17 01:35:55] No hay correos electrónicos pendientes.
[2024-07-17 01:36:00] Script finalizado después de 5 iteraciones.
[2024-07-17 01:38:11] Correo electrónico encontrado: Sistema de Alerta
[2024-07-17 01:38:11] Correo electrónico marcado como 'processing'.
[2024-07-17 01:38:40] Correo electrónico enviado con éxito.
[2024-07-17 01:38:46] No hay correos electrónicos pendientes.
[2024-07-17 01:38:51] No hay correos electrónicos pendientes.
[2024-07-17 01:38:57] No hay correos electrónicos pendientes.
[2024-07-17 01:39:03] No hay correos electrónicos pendientes.
[2024-07-17 01:39:08] Script finalizado después de 5 iteraciones.
[2024-07-17 01:42:49] Correo electrónico encontrado: Sistema de Alerta
[2024-07-17 01:42:49] Correo electrónico marcado como 'processing'.
[2024-07-17 01:43:18] Correo electrónico enviado con éxito.
[2024-07-17 01:43:23] No hay correos electrónicos pendientes.
[2024-07-17 01:43:29] No hay correos electrónicos pendientes.
[2024-07-17 01:43:35] No hay correos electrónicos pendientes.
[2024-07-17 01:43:40] No hay correos electrónicos pendientes.
[2024-07-17 01:43:45] Script finalizado después de 5 iteraciones.
[2024-07-17 01:46:34] Correo electrónico encontrado: Sistema de Alerta
[2024-07-17 01:46:35] Correo electrónico marcado como 'processing'.
[2024-07-17 01:47:05] Correo electrónico enviado con éxito.
[2024-07-17 01:47:11] No hay correos electrónicos pendientes.
[2024-07-17 01:47:16] No hay correos electrónicos pendientes.
[2024-07-17 01:47:22] No hay correos electrónicos pendientes.
[2024-07-17 01:47:28] No hay correos electrónicos pendientes.
[2024-07-17 01:47:33] Script finalizado después de 5 iteraciones.
[2024-07-17 01:49:41] Correo electrónico encontrado: Sistema de Alerta
[2024-07-17 01:49:42] Correo electrónico marcado como 'processing'.
[2024-07-17 01:50:11] Correo electrónico enviado con éxito.
[2024-07-17 01:50:17] No hay correos electrónicos pendientes.
[2024-07-17 01:50:22] No hay correos electrónicos pendientes.
[2024-07-17 01:50:28] No hay correos electrónicos pendientes.
[2024-07-17 01:50:34] No hay correos electrónicos pendientes.
[2024-07-17 01:50:39] Script finalizado después de 5 iteraciones.
[2024-07-18 00:12:59] Correo electrónico encontrado: Sistema de Alerta
[2024-07-18 00:12:59] Correo electrónico marcado como 'processing'.
[2024-07-18 00:13:28] Correo electrónico enviado con éxito.
[2024-07-18 00:13:34] No hay correos electrónicos pendientes.
[2024-07-18 00:13:39] No hay correos electrónicos pendientes.
[2024-07-18 00:13:45] No hay correos electrónicos pendientes.
[2024-07-18 00:13:51] No hay correos electrónicos pendientes.
[2024-07-18 00:13:56] Script finalizado después de 5 iteraciones.
[2024-07-18 13:06:16] Correo electrónico encontrado: Sistema de Alerta
[2024-07-18 13:06:16] Correo electrónico marcado como 'processing'.
[2024-07-18 13:06:47] Correo electrónico enviado con éxito.
[2024-07-18 13:06:53] No hay correos electrónicos pendientes.
[2024-07-18 13:06:59] No hay correos electrónicos pendientes.
[2024-07-18 13:07:04] No hay correos electrónicos pendientes.
[2024-07-18 13:07:10] No hay correos electrónicos pendientes.
[2024-07-18 13:07:15] Script finalizado después de 5 iteraciones.
[2024-07-20 22:35:19] Correo electrónico encontrado: Sistema de Alerta
[2024-07-20 22:35:20] Correo electrónico marcado como 'processing'.
[2024-07-20 22:35:20] Error en el envío del correo: Invalid address:  (to): 
[2024-07-20 22:35:20] Correo electrónico marcado como 'failed'.
[2024-07-20 22:35:26] No hay correos electrónicos pendientes.
[2024-07-20 22:35:31] No hay correos electrónicos pendientes.
[2024-07-20 22:35:37] No hay correos electrónicos pendientes.
[2024-07-20 22:35:42] No hay correos electrónicos pendientes.
[2024-07-20 22:35:47] Script finalizado después de 5 iteraciones.
[2024-07-23 01:33:29] Correo electrónico encontrado: Sistema de Alerta
[2024-07-23 01:33:29] Correo electrónico marcado como 'processing'.
[2024-07-23 01:33:29] Error en el envío del correo: Invalid address:  (to): 
[2024-07-23 01:33:30] Correo electrónico marcado como 'failed'.
[2024-07-23 01:33:35] No hay correos electrónicos pendientes.
[2024-07-23 01:33:41] No hay correos electrónicos pendientes.
[2024-07-23 01:33:46] No hay correos electrónicos pendientes.
[2024-07-23 01:33:52] No hay correos electrónicos pendientes.
[2024-07-23 01:33:57] Script finalizado después de 5 iteraciones.
[2024-07-23 01:34:59] Correo electrónico encontrado: Sistema de Alerta
[2024-07-23 01:34:59] Correo electrónico marcado como 'processing'.
[2024-07-23 01:34:59] Error en el envío del correo: Invalid address:  (to): 
[2024-07-23 01:35:00] Correo electrónico marcado como 'failed'.
[2024-07-23 01:35:05] No hay correos electrónicos pendientes.
[2024-07-23 01:35:11] No hay correos electrónicos pendientes.
[2024-07-23 01:35:16] No hay correos electrónicos pendientes.
[2024-07-23 01:35:22] No hay correos electrónicos pendientes.
[2024-07-23 01:35:27] Script finalizado después de 5 iteraciones.
[2024-07-23 01:48:21] Correo electrónico encontrado: Sistema de Alerta
[2024-07-23 01:48:22] Correo electrónico marcado como 'processing'.
[2024-07-23 01:48:22] Error en el envío del correo: Invalid address:  (to): 
[2024-07-23 01:48:22] Correo electrónico marcado como 'failed'.
[2024-07-23 01:48:28] No hay correos electrónicos pendientes.
[2024-07-23 01:48:33] No hay correos electrónicos pendientes.
[2024-07-23 01:48:39] No hay correos electrónicos pendientes.
[2024-07-23 01:48:45] No hay correos electrónicos pendientes.
[2024-07-23 01:48:50] Script finalizado después de 5 iteraciones.
[2024-07-23 01:50:23] Correo electrónico encontrado: Sistema de Alerta
[2024-07-23 01:50:24] Correo electrónico marcado como 'processing'.
[2024-07-23 01:50:24] Error en el envío del correo: Invalid address:  (to): 
[2024-07-23 01:50:24] Correo electrónico marcado como 'failed'.
[2024-07-23 01:50:30] No hay correos electrónicos pendientes.
[2024-07-23 01:50:35] No hay correos electrónicos pendientes.
[2024-07-23 01:50:41] No hay correos electrónicos pendientes.
[2024-07-23 01:50:46] No hay correos electrónicos pendientes.
[2024-07-23 01:50:51] Script finalizado después de 5 iteraciones.
[2024-07-23 01:52:07] Correo electrónico encontrado: Sistema de Alerta
[2024-07-23 01:52:07] Correo electrónico marcado como 'processing'.
[2024-07-23 01:52:07] Error en el envío del correo: Invalid address:  (to): 
[2024-07-23 01:52:08] Correo electrónico marcado como 'failed'.
[2024-07-23 01:52:13] No hay correos electrónicos pendientes.
[2024-07-23 01:52:19] No hay correos electrónicos pendientes.
[2024-07-23 01:52:24] No hay correos electrónicos pendientes.
[2024-07-23 01:52:30] No hay correos electrónicos pendientes.
[2024-07-23 01:52:35] Script finalizado después de 5 iteraciones.
[2024-07-23 01:53:52] Correo electrónico encontrado: Sistema de Alerta
[2024-07-23 01:53:52] Correo electrónico marcado como 'processing'.
[2024-07-23 01:53:53] Error en el envío del correo: Invalid address:  (to): 
[2024-07-23 01:53:53] Correo electrónico marcado como 'failed'.
[2024-07-23 01:53:59] No hay correos electrónicos pendientes.
[2024-07-23 01:54:04] No hay correos electrónicos pendientes.
[2024-07-23 01:54:10] No hay correos electrónicos pendientes.
[2024-07-23 01:54:15] No hay correos electrónicos pendientes.
[2024-07-23 01:54:21] Script finalizado después de 5 iteraciones.
[2024-07-23 01:55:08] Correo electrónico encontrado: Sistema de Alerta
[2024-07-23 01:55:08] Correo electrónico marcado como 'processing'.
[2024-07-23 01:55:08] Error en el envío del correo: Invalid address:  (to): 
[2024-07-23 01:55:09] Correo electrónico marcado como 'failed'.
[2024-07-23 01:55:14] No hay correos electrónicos pendientes.
[2024-07-23 01:55:20] No hay correos electrónicos pendientes.
[2024-07-23 01:55:25] No hay correos electrónicos pendientes.
[2024-07-23 01:55:31] No hay correos electrónicos pendientes.
[2024-07-23 01:55:36] Script finalizado después de 5 iteraciones.
[2024-07-23 01:58:07] Correo electrónico encontrado: Sistema de Alerta
[2024-07-23 01:58:07] Correo electrónico marcado como 'processing'.
[2024-07-23 01:58:37] Correo electrónico enviado con éxito.
[2024-07-23 01:58:43] No hay correos electrónicos pendientes.
[2024-07-23 01:58:49] No hay correos electrónicos pendientes.
[2024-07-23 01:58:54] No hay correos electrónicos pendientes.
[2024-07-23 01:59:00] No hay correos electrónicos pendientes.
[2024-07-23 01:59:05] Script finalizado después de 5 iteraciones.
[2024-07-23 02:11:37] Correo electrónico encontrado: Sistema de Alerta
[2024-07-23 02:11:37] Correo electrónico marcado como 'processing'.
[2024-07-23 02:12:06] Correo electrónico enviado con éxito.
[2024-07-23 02:12:12] No hay correos electrónicos pendientes.
[2024-07-23 02:12:18] No hay correos electrónicos pendientes.
[2024-07-23 02:12:23] No hay correos electrónicos pendientes.
[2024-07-23 02:12:29] No hay correos electrónicos pendientes.
[2024-07-23 02:12:34] Script finalizado después de 5 iteraciones.
[2024-07-23 02:13:10] Correo electrónico encontrado: Sistema de Alerta
[2024-07-23 02:13:11] Correo electrónico marcado como 'processing'.
[2024-07-23 02:13:47] Correo electrónico enviado con éxito.
[2024-07-23 02:13:53] No hay correos electrónicos pendientes.
[2024-07-23 02:13:59] No hay correos electrónicos pendientes.
[2024-07-23 02:14:04] No hay correos electrónicos pendientes.
[2024-07-23 02:14:10] No hay correos electrónicos pendientes.
[2024-07-23 02:14:15] Script finalizado después de 5 iteraciones.
[2024-07-23 02:20:20] Correo electrónico encontrado: Sistema de Alerta
[2024-07-23 02:20:20] Correo electrónico marcado como 'processing'.
[2024-07-23 02:20:51] Correo electrónico enviado con éxito.
[2024-07-23 02:20:57] No hay correos electrónicos pendientes.
[2024-07-23 02:21:03] No hay correos electrónicos pendientes.
[2024-07-23 02:21:08] No hay correos electrónicos pendientes.
[2024-07-23 02:21:14] No hay correos electrónicos pendientes.
[2024-07-23 02:21:19] Script finalizado después de 5 iteraciones.
[2024-07-23 02:22:18] Correo electrónico encontrado: Sistema de Alerta
[2024-07-23 02:22:18] Correo electrónico marcado como 'processing'.
[2024-07-23 02:22:49] Correo electrónico enviado con éxito.
[2024-07-23 02:22:55] No hay correos electrónicos pendientes.
[2024-07-23 02:23:00] No hay correos electrónicos pendientes.
[2024-07-23 02:23:06] No hay correos electrónicos pendientes.
[2024-07-23 02:23:11] No hay correos electrónicos pendientes.
[2024-07-23 02:23:17] Script finalizado después de 5 iteraciones.
[2024-07-23 02:24:46] Correo electrónico encontrado: Sistema de Alerta
[2024-07-23 02:24:46] Correo electrónico marcado como 'processing'.
[2024-07-23 02:25:16] Correo electrónico enviado con éxito.
[2024-07-23 02:25:22] No hay correos electrónicos pendientes.
[2024-07-23 02:25:27] No hay correos electrónicos pendientes.
[2024-07-23 02:25:33] No hay correos electrónicos pendientes.
[2024-07-23 02:25:38] No hay correos electrónicos pendientes.
[2024-07-23 02:25:44] Script finalizado después de 5 iteraciones.
[2024-07-23 02:26:49] Correo electrónico encontrado: Sistema de Alerta
[2024-07-23 02:26:50] Correo electrónico marcado como 'processing'.
[2024-07-23 02:27:19] Correo electrónico enviado con éxito.
[2024-07-23 02:27:25] No hay correos electrónicos pendientes.
[2024-07-23 02:27:31] No hay correos electrónicos pendientes.
[2024-07-23 02:27:36] No hay correos electrónicos pendientes.
[2024-07-23 02:27:42] No hay correos electrónicos pendientes.
[2024-07-23 02:27:47] Script finalizado después de 5 iteraciones.
[2024-07-23 02:29:40] Correo electrónico encontrado: Sistema de Alerta
[2024-07-23 02:29:40] Correo electrónico marcado como 'processing'.
[2024-07-23 02:30:10] Correo electrónico enviado con éxito.
[2024-07-23 02:32:50] Correo electrónico encontrado: Sistema de Alerta
[2024-07-23 02:32:50] Correo electrónico marcado como 'processing'.
[2024-07-23 02:33:21] Correo electrónico enviado con éxito.
[2024-07-23 02:34:31] Correo electrónico encontrado: Sistema de Alerta
[2024-07-23 02:34:31] Correo electrónico marcado como 'processing'.
[2024-07-23 02:35:05] Correo electrónico enviado con éxito.
[2024-07-23 02:38:07] Correo electrónico encontrado: Sistema de Alerta
[2024-07-23 02:38:07] Correo electrónico marcado como 'processing'.
[2024-07-23 02:38:38] Correo electrónico enviado con éxito.
[2024-07-23 02:38:44] No hay correos electrónicos pendientes.
[2024-07-23 02:38:50] No hay correos electrónicos pendientes.
[2024-07-23 02:38:55] No hay correos electrónicos pendientes.
[2024-07-23 02:39:01] No hay correos electrónicos pendientes.
[2024-07-23 02:39:06] Script finalizado después de 5 iteraciones.
[2024-07-23 02:45:15] Correo electrónico encontrado: Sistema de Alerta
[2024-07-23 02:45:16] Correo electrónico marcado como 'processing'.
[2024-07-23 02:45:46] Correo electrónico enviado con éxito.
[2024-07-23 02:45:52] No hay correos electrónicos pendientes.
[2024-07-23 02:45:58] No hay correos electrónicos pendientes.
[2024-07-23 02:46:03] No hay correos electrónicos pendientes.
[2024-07-23 02:46:09] No hay correos electrónicos pendientes.
[2024-07-23 02:46:14] Script finalizado después de 5 iteraciones.
[2024-07-23 02:49:38] Correo electrónico encontrado: Sistema de Alerta
[2024-07-23 02:49:38] Correo electrónico marcado como 'processing'.
[2024-07-23 02:50:08] Correo electrónico enviado con éxito.
[2024-07-23 02:50:14] No hay correos electrónicos pendientes.
[2024-07-23 02:50:19] No hay correos electrónicos pendientes.
[2024-07-23 02:50:25] No hay correos electrónicos pendientes.
[2024-07-23 02:50:30] No hay correos electrónicos pendientes.
[2024-07-23 02:50:35] Script finalizado después de 5 iteraciones.
[2024-07-23 02:52:06] Correo electrónico encontrado: Sistema de Alerta
[2024-07-23 02:52:06] Correo electrónico marcado como 'processing'.
[2024-07-23 02:52:36] Correo electrónico enviado con éxito.
[2024-07-23 02:52:42] No hay correos electrónicos pendientes.
[2024-07-23 02:52:48] No hay correos electrónicos pendientes.
[2024-07-23 02:52:53] No hay correos electrónicos pendientes.
[2024-07-23 02:52:59] No hay correos electrónicos pendientes.
[2024-07-23 02:53:04] Script finalizado después de 5 iteraciones.
[2024-07-23 03:00:11] Correo electrónico encontrado: Sistema de Alerta
[2024-07-23 03:00:11] Correo electrónico marcado como 'processing'.
[2024-07-23 03:00:42] Correo electrónico enviado con éxito.
[2024-07-23 03:00:48] No hay correos electrónicos pendientes.
[2024-07-23 03:00:53] No hay correos electrónicos pendientes.
[2024-07-23 03:00:59] No hay correos electrónicos pendientes.
[2024-07-23 03:01:04] No hay correos electrónicos pendientes.
[2024-07-23 03:01:10] Script finalizado después de 5 iteraciones.
[2024-07-23 04:27:55] Correo electrónico encontrado: Sistema de Alerta
[2024-07-23 04:27:56] Correo electrónico marcado como 'processing'.
[2024-07-23 04:28:25] Correo electrónico enviado con éxito.
[2024-07-23 04:28:31] No hay correos electrónicos pendientes.
[2024-07-23 04:28:36] No hay correos electrónicos pendientes.
[2024-07-23 04:28:42] No hay correos electrónicos pendientes.
[2024-07-23 04:28:47] No hay correos electrónicos pendientes.
[2024-07-23 04:28:53] Script finalizado después de 5 iteraciones.
[2024-07-23 15:06:01] Correo electrónico encontrado: Sistema de Alerta
[2024-07-23 15:06:01] Correo electrónico marcado como 'processing'.
[2024-07-23 15:06:33] Correo electrónico enviado con éxito.
[2024-07-23 15:06:39] No hay correos electrónicos pendientes.
[2024-07-23 15:06:44] No hay correos electrónicos pendientes.
[2024-07-23 15:06:50] No hay correos electrónicos pendientes.
[2024-07-23 15:06:55] No hay correos electrónicos pendientes.
[2024-07-23 15:07:00] Script finalizado después de 5 iteraciones.
[2024-07-23 15:20:34] Correo electrónico encontrado: Sistema de Alerta
[2024-07-23 15:20:34] Correo electrónico marcado como 'processing'.
[2024-07-23 15:21:05] Correo electrónico enviado con éxito.
[2024-07-23 15:21:10] No hay correos electrónicos pendientes.
[2024-07-23 15:21:16] No hay correos electrónicos pendientes.
[2024-07-23 15:21:22] No hay correos electrónicos pendientes.
[2024-07-23 15:21:27] No hay correos electrónicos pendientes.
[2024-07-23 15:21:32] Script finalizado después de 5 iteraciones.
[2024-07-23 15:38:26] Correo electrónico encontrado: Sistema de Alerta
[2024-07-23 15:38:27] Correo electrónico marcado como 'processing'.
[2024-07-23 15:38:58] Correo electrónico enviado con éxito.
[2024-07-23 15:39:04] No hay correos electrónicos pendientes.
[2024-07-23 15:39:09] No hay correos electrónicos pendientes.
[2024-07-23 15:39:15] No hay correos electrónicos pendientes.
[2024-07-23 15:39:20] No hay correos electrónicos pendientes.
[2024-07-23 15:39:25] Script finalizado después de 5 iteraciones.
[2024-07-23 15:51:56] Correo electrónico encontrado: Sistema de Alerta
[2024-07-23 15:51:56] Correo electrónico marcado como 'processing'.
[2024-07-23 15:52:25] Correo electrónico enviado con éxito.
[2024-07-23 15:52:30] No hay correos electrónicos pendientes.
[2024-07-23 15:52:36] No hay correos electrónicos pendientes.
[2024-07-23 15:52:42] No hay correos electrónicos pendientes.
[2024-07-23 15:52:47] No hay correos electrónicos pendientes.
[2024-07-23 15:52:52] Script finalizado después de 5 iteraciones.
