
[15-May-2025 10:56:48 America/Argentina/Buenos_Aires] [sql25]=====: 15
[15-May-2025 10:56:48 America/Argentina/Buenos_Aires] SQL25>>>>>: 15  type: integer
[15-May-2025 10:56:48 America/Argentina/Buenos_Aires] 1	[2025-05-15 10:56:48 -03] [Error 2] Undefined array key 0 in C:\DATOS\04.DESARROLLOS\tcontrol\Pages\Control\Routes\ix.php on line 240 | IP: ::1 | URI: /Pages/Control/Routes/ix.php | UA: Mozilla/5.0 (Windows NT 10.0; Win64; x64; rv:138.0) Gecko/20100101 Firefox/138.0
[15-May-2025 10:56:48 America/Argentina/Buenos_Aires] 1	[2025-05-15 10:56:48 -03] [Error 8192] rtrim(): Passing null to parameter #1 ($string) of type string is deprecated in C:\DATOS\04.DESARROLLOS\tcontrol\Pages\Control\Routes\ix.php on line 243 | IP: ::1 | URI: /Pages/Control/Routes/ix.php | UA: Mozilla/5.0 (Windows NT 10.0; Win64; x64; rv:138.0) Gecko/20100101 Firefox/138.0
[15-May-2025 10:56:48 America/Argentina/Buenos_Aires] JSON SQL25: 15  DOC: 250515105648659  usuario: 25
[15-May-2025 11:32:03 America/Argentina/Buenos_Aires] [sql25]=====: 15
[15-May-2025 11:32:03 America/Argentina/Buenos_Aires] SQL25>>>>>: 15  type: integer
[15-May-2025 11:32:03 America/Argentina/Buenos_Aires] 1	[2025-05-15 11:32:03 -03] [Error 2] Undefined array key 0 in C:\DATOS\04.DESARROLLOS\tcontrol\Pages\Control\Routes\ix.php on line 240 | IP: ::1 | URI: /Routes/index.php | UA: Mozilla/5.0 (Windows NT 10.0; Win64; x64; rv:138.0) Gecko/20100101 Firefox/138.0
[15-May-2025 11:32:03 America/Argentina/Buenos_Aires] 1	[2025-05-15 11:32:03 -03] [Error 8192] rtrim(): Passing null to parameter #1 ($string) of type string is deprecated in C:\DATOS\04.DESARROLLOS\tcontrol\Pages\Control\Routes\ix.php on line 243 | IP: ::1 | URI: /Routes/index.php | UA: Mozilla/5.0 (Windows NT 10.0; Win64; x64; rv:138.0) Gecko/20100101 Firefox/138.0
[15-May-2025 11:32:03 America/Argentina/Buenos_Aires] JSON SQL25: 15  DOC: 250515113203219  usuario: 25
[15-May-2025 11:39:26 America/Argentina/Buenos_Aires] [sql25]=====: 15
[15-May-2025 11:39:26 America/Argentina/Buenos_Aires] SQL25>>>>>: 15  type: integer
[15-May-2025 11:39:26 America/Argentina/Buenos_Aires] JSON SQL25: 15  DOC: 250515113926887  usuario: 25
[15-May-2025 11:39:27 America/Argentina/Buenos_Aires] 1	[2025-05-15 11:39:27 -03] [Exception] SQLSTATE[HY000]: General error: 3819 Check constraint 'LTYregistrocontrol_chk_1' is violated. in C:\DATOS\04.DESARROLLOS\tcontrol\Pages\Control\Routes\ix.php on line 319 | IP: ::1 | URI: /Routes/index.php | UA: Mozilla/5.0 (Windows NT 10.0; Win64; x64; rv:138.0) Gecko/20100101 Firefox/138.0
[15-May-2025 11:43:51 America/Argentina/Buenos_Aires] [sql25]=====: 15
[15-May-2025 11:43:51 America/Argentina/Buenos_Aires] SQL25>>>>>: 15  type: integer
[15-May-2025 11:43:51 America/Argentina/Buenos_Aires] JSON SQL25: 15  DOC: 250515114351984  usuario: 25
[15-May-2025 11:51:54 America/Argentina/Buenos_Aires] [sql25]=====: 15
[15-May-2025 11:51:54 America/Argentina/Buenos_Aires] SQL25>>>>>: 15  type: integer
[15-May-2025 11:51:54 America/Argentina/Buenos_Aires] JSON SQL25: 15  DOC: 250515115154284  usuario: 25
[15-May-2025 11:53:54 America/Argentina/Buenos_Aires] [sql25]=====: 15
[15-May-2025 11:53:54 America/Argentina/Buenos_Aires] SQL25>>>>>: 15  type: integer
[15-May-2025 11:53:54 America/Argentina/Buenos_Aires] JSON SQL25: 15  DOC: 250515115354664  usuario: 25
[16-May-2025 08:39:52 America/Argentina/Buenos_Aires] No se recibieron archivos válidos.
[16-May-2025 09:05:48 America/Argentina/Buenos_Aires] No se recibieron archivos válidos.
[16-May-2025 09:19:09 America/Argentina/Buenos_Aires] No se recibieron archivos válidos.
[16-May-2025 09:27:07 America/Argentina/Buenos_Aires] No se recibieron archivos válidos.
[16-May-2025 09:29:31 America/Argentina/Buenos_Aires] No se recibieron archivos válidos.
[16-May-2025 09:46:53 America/Argentina/Buenos_Aires] No se recibieron archivos válidos.
[16-May-2025 09:47:12 America/Argentina/Buenos_Aires] No se recibieron archivos válidos.
[16-May-2025 10:05:29 America/Argentina/Buenos_Aires] No se recibieron archivos válidos.
[16-May-2025 10:11:33 America/Argentina/Buenos_Aires] No se recibieron archivos válidos.
[16-May-2025 10:32:18 America/Argentina/Buenos_Aires] No se recibieron archivos válidos.
[16-May-2025 10:49:34 America/Argentina/Buenos_Aires] No se recibieron archivos válidos.
[16-May-2025 10:57:05 America/Argentina/Buenos_Aires] No se recibieron archivos válidos.
[16-May-2025 11:30:12 America/Argentina/Buenos_Aires] No se recibieron archivos válidos.
[16-May-2025 11:33:35 America/Argentina/Buenos_Aires] No se recibieron archivos válidos.
[16-May-2025 11:39:03 America/Argentina/Buenos_Aires] No se recibieron archivos válidos.
[16-May-2025 11:41:52 America/Argentina/Buenos_Aires] No se recibieron archivos válidos.
[16-May-2025 11:45:22 America/Argentina/Buenos_Aires] No se recibieron archivos válidos.
[16-May-2025 11:46:19 America/Argentina/Buenos_Aires] No se recibieron archivos válidos.
[16-May-2025 11:50:29 America/Argentina/Buenos_Aires] No se recibieron archivos válidos.
[16-May-2025 11:56:15 America/Argentina/Buenos_Aires] No se recibieron archivos válidos.
[16-May-2025 12:40:14 America/Argentina/Buenos_Aires] No se recibieron archivos válidos.
[16-May-2025 12:42:41 America/Argentina/Buenos_Aires] [sql25]=====: 15
[16-May-2025 12:42:41 America/Argentina/Buenos_Aires] SQL25>>>>>: 15  type: integer
[16-May-2025 12:42:41 America/Argentina/Buenos_Aires] JSON SQL25: 15  DOC: 250516124241725  usuario: 25
[16-May-2025 12:42:42 America/Argentina/Buenos_Aires] 1	[2025-05-16 12:42:42 -03] [Exception] SQLSTATE[HY000]: General error: 3819 Check constraint 'LTYregistrocontrol_chk_1' is violated. in C:\DATOS\04.DESARROLLOS\tcontrol\Pages\Control\Routes\ix.php on line 322 | IP: ::1 | URI: /Routes/index.php | UA: Mozilla/5.0 (Windows NT 10.0; Win64; x64; rv:138.0) Gecko/20100101 Firefox/138.0
[16-May-2025 12:44:22 America/Argentina/Buenos_Aires] [sql25]=====: 15
[16-May-2025 12:44:22 America/Argentina/Buenos_Aires] SQL25>>>>>: 15  type: integer
[16-May-2025 12:44:22 America/Argentina/Buenos_Aires] JSON SQL25: 15  DOC: 250516124422685  usuario: 25
[16-May-2025 12:44:23 America/Argentina/Buenos_Aires] 1	[2025-05-16 12:44:23 -03] [Exception] SQLSTATE[HY000]: General error: 3819 Check constraint 'LTYregistrocontrol_chk_1' is violated. in C:\DATOS\04.DESARROLLOS\tcontrol\Pages\Control\Routes\ix.php on line 322 | IP: ::1 | URI: /Routes/index.php | UA: Mozilla/5.0 (Windows NT 10.0; Win64; x64; rv:138.0) Gecko/20100101 Firefox/138.0
[16-May-2025 12:45:21 America/Argentina/Buenos_Aires] [sql25]=====: 15
[16-May-2025 12:45:21 America/Argentina/Buenos_Aires] SQL25>>>>>: 15  type: integer
[16-May-2025 12:45:21 America/Argentina/Buenos_Aires] JSON SQL25: 15  DOC: 250516124521007  usuario: 25
[16-May-2025 12:45:22 America/Argentina/Buenos_Aires] 1	[2025-05-16 12:45:22 -03] [Exception] SQLSTATE[HY000]: General error: 3819 Check constraint 'LTYregistrocontrol_chk_1' is violated. in C:\DATOS\04.DESARROLLOS\tcontrol\Pages\Control\Routes\ix.php on line 322 | IP: ::1 | URI: /Routes/index.php | UA: Mozilla/5.0 (Windows NT 10.0; Win64; x64; rv:138.0) Gecko/20100101 Firefox/138.0
[16-May-2025 12:46:51 America/Argentina/Buenos_Aires] No se recibieron archivos válidos.
[16-May-2025 12:47:27 America/Argentina/Buenos_Aires] [sql25]=====: 15
[16-May-2025 12:47:27 America/Argentina/Buenos_Aires] SQL25>>>>>: 15  type: integer
[16-May-2025 12:47:27 America/Argentina/Buenos_Aires] JSON SQL25: 15  DOC: 250516124727841  usuario: 25
[16-May-2025 12:47:28 America/Argentina/Buenos_Aires] 1	[2025-05-16 12:47:28 -03] [Exception] SQLSTATE[HY000]: General error: 3819 Check constraint 'LTYregistrocontrol_chk_1' is violated. in C:\DATOS\04.DESARROLLOS\tcontrol\Pages\Control\Routes\ix.php on line 322 | IP: ::1 | URI: /Routes/index.php | UA: Mozilla/5.0 (Windows NT 10.0; Win64; x64; rv:138.0) Gecko/20100101 Firefox/138.0
[16-May-2025 12:48:37 America/Argentina/Buenos_Aires] [sql25]=====: 15
[16-May-2025 12:48:37 America/Argentina/Buenos_Aires] SQL25>>>>>: 15  type: integer
[16-May-2025 12:48:37 America/Argentina/Buenos_Aires] JSON SQL25: 15  DOC: 250516124837426  usuario: 25
[16-May-2025 12:48:38 America/Argentina/Buenos_Aires] No se recibieron archivos válidos.
[16-May-2025 12:50:24 America/Argentina/Buenos_Aires] [sql25]=====: 15
[16-May-2025 12:50:24 America/Argentina/Buenos_Aires] SQL25>>>>>: 15  type: integer
[16-May-2025 12:50:24 America/Argentina/Buenos_Aires] JSON SQL25: 15  DOC: 250516125024921  usuario: 25
[16-May-2025 12:50:25 America/Argentina/Buenos_Aires] 1	[2025-05-16 12:50:25 -03] [Exception] SQLSTATE[HY000]: General error: 3819 Check constraint 'LTYregistrocontrol_chk_1' is violated. in C:\DATOS\04.DESARROLLOS\tcontrol\Pages\Control\Routes\ix.php on line 322 | IP: ::1 | URI: /Routes/index.php | UA: Mozilla/5.0 (Windows NT 10.0; Win64; x64; rv:138.0) Gecko/20100101 Firefox/138.0
[16-May-2025 12:54:37 America/Argentina/Buenos_Aires] [sql25]=====: 15
[16-May-2025 12:54:37 America/Argentina/Buenos_Aires] SQL25>>>>>: 15  type: integer
[16-May-2025 12:54:37 America/Argentina/Buenos_Aires] JSON SQL25: 15  DOC: 250516125437344  usuario: 25
[16-May-2025 12:54:38 America/Argentina/Buenos_Aires] 1	[2025-05-16 12:54:38 -03] [Exception] SQLSTATE[HY000]: General error: 3819 Check constraint 'LTYregistrocontrol_chk_1' is violated. in C:\DATOS\04.DESARROLLOS\tcontrol\Pages\Control\Routes\ix.php on line 322 | IP: ::1 | URI: /Pages/Control/Routes/ix.php | UA: Mozilla/5.0 (Windows NT 10.0; Win64; x64; rv:138.0) Gecko/20100101 Firefox/138.0
[16-May-2025 12:55:33 America/Argentina/Buenos_Aires] [sql25]=====: 15
[16-May-2025 12:55:33 America/Argentina/Buenos_Aires] SQL25>>>>>: 15  type: integer
[16-May-2025 12:55:33 America/Argentina/Buenos_Aires] JSON SQL25: 15  DOC: 250516125533538  usuario: 25
[16-May-2025 12:55:34 America/Argentina/Buenos_Aires] 1	[2025-05-16 12:55:34 -03] [Exception] SQLSTATE[HY000]: General error: 3819 Check constraint 'LTYregistrocontrol_chk_1' is violated. in C:\DATOS\04.DESARROLLOS\tcontrol\Pages\Control\Routes\ix.php on line 322 | IP: ::1 | URI: /Pages/Control/Routes/ix.php | UA: Mozilla/5.0 (Windows NT 10.0; Win64; x64; rv:138.0) Gecko/20100101 Firefox/138.0
[16-May-2025 12:57:40 America/Argentina/Buenos_Aires] [sql25]=====: 15
[16-May-2025 12:57:40 America/Argentina/Buenos_Aires] SQL25>>>>>: 15  type: integer
[16-May-2025 12:57:40 America/Argentina/Buenos_Aires] JSON SQL25: 15  DOC: 250516125740569  usuario: 25
[16-May-2025 12:57:41 America/Argentina/Buenos_Aires] 1	[2025-05-16 12:57:41 -03] [Exception] SQLSTATE[HY000]: General error: 3819 Check constraint 'LTYregistrocontrol_chk_1' is violated. in C:\DATOS\04.DESARROLLOS\tcontrol\Pages\Control\Routes\ix.php on line 322 | IP: ::1 | URI: /Routes/index.php | UA: Mozilla/5.0 (Windows NT 10.0; Win64; x64; rv:138.0) Gecko/20100101 Firefox/138.0
[16-May-2025 12:59:18 America/Argentina/Buenos_Aires] [sql25]=====: 15
[16-May-2025 12:59:18 America/Argentina/Buenos_Aires] SQL25>>>>>: 15  type: integer
[16-May-2025 12:59:18 America/Argentina/Buenos_Aires] JSON SQL25: 15  DOC: 250516125918101  usuario: 25
[16-May-2025 12:59:19 America/Argentina/Buenos_Aires] 1	[2025-05-16 12:59:19 -03] [Exception] SQLSTATE[HY000]: General error: 3819 Check constraint 'LTYregistrocontrol_chk_1' is violated. in C:\DATOS\04.DESARROLLOS\tcontrol\Pages\Control\Routes\ix.php on line 322 | IP: ::1 | URI: /Pages/Control/Routes/ix.php | UA: Mozilla/5.0 (Windows NT 10.0; Win64; x64; rv:138.0) Gecko/20100101 Firefox/138.0
[16-May-2025 13:11:09 America/Argentina/Buenos_Aires] [sql25]=====: 15
[16-May-2025 13:11:09 America/Argentina/Buenos_Aires] SQL25>>>>>: 15  type: integer
[16-May-2025 13:11:09 America/Argentina/Buenos_Aires] JSON SQL25: 15  DOC: 250516131109785  usuario: 25
[16-May-2025 13:11:10 America/Argentina/Buenos_Aires] 1	[2025-05-16 13:11:10 -03] [Exception] SQLSTATE[HY000]: General error: 3819 Check constraint 'LTYregistrocontrol_chk_1' is violated. in C:\DATOS\04.DESARROLLOS\tcontrol\Pages\Control\Routes\ix.php on line 322 | IP: ::1 | URI: /Pages/Control/Routes/ix.php | UA: Mozilla/5.0 (Windows NT 10.0; Win64; x64; rv:138.0) Gecko/20100101 Firefox/138.0
[16-May-2025 13:12:16 America/Argentina/Buenos_Aires] [sql25]=====: 15
[16-May-2025 13:12:16 America/Argentina/Buenos_Aires] SQL25>>>>>: 15  type: integer
[16-May-2025 13:12:16 America/Argentina/Buenos_Aires] JSON SQL25: 15  DOC: 250516131216414  usuario: 25
[16-May-2025 13:12:17 America/Argentina/Buenos_Aires] 1	[2025-05-16 13:12:17 -03] [Exception] SQLSTATE[HY000]: General error: 3819 Check constraint 'LTYregistrocontrol_chk_1' is violated. in C:\DATOS\04.DESARROLLOS\tcontrol\Pages\Control\Routes\ix.php on line 324 | IP: ::1 | URI: /Pages/Control/Routes/ix.php | UA: Mozilla/5.0 (Windows NT 10.0; Win64; x64; rv:138.0) Gecko/20100101 Firefox/138.0
[16-May-2025 13:12:51 America/Argentina/Buenos_Aires] [sql25]=====: 15
[16-May-2025 13:12:51 America/Argentina/Buenos_Aires] SQL25>>>>>: 15  type: integer
[16-May-2025 13:12:51 America/Argentina/Buenos_Aires] JSON SQL25: 15  DOC: 250516131251517  usuario: 25
[16-May-2025 13:12:52 America/Argentina/Buenos_Aires] 1	[2025-05-16 13:12:52 -03] [Exception] SQLSTATE[HY000]: General error: 3819 Check constraint 'LTYregistrocontrol_chk_1' is violated. in C:\DATOS\04.DESARROLLOS\tcontrol\Pages\Control\Routes\ix.php on line 325 | IP: ::1 | URI: /Pages/Control/Routes/ix.php | UA: Mozilla/5.0 (Windows NT 10.0; Win64; x64; rv:138.0) Gecko/20100101 Firefox/138.0
[16-May-2025 13:13:07 America/Argentina/Buenos_Aires] [sql25]=====: 15
[16-May-2025 13:13:07 America/Argentina/Buenos_Aires] SQL25>>>>>: 15  type: integer
[16-May-2025 13:13:07 America/Argentina/Buenos_Aires] JSON SQL25: 15  DOC: 250516131307541  usuario: 25
[16-May-2025 13:13:08 America/Argentina/Buenos_Aires] 1	[2025-05-16 13:13:08 -03] [Exception] SQLSTATE[HY000]: General error: 3819 Check constraint 'LTYregistrocontrol_chk_1' is violated. in C:\DATOS\04.DESARROLLOS\tcontrol\Pages\Control\Routes\ix.php on line 327 | IP: ::1 | URI: /Pages/Control/Routes/ix.php | UA: Mozilla/5.0 (Windows NT 10.0; Win64; x64; rv:138.0) Gecko/20100101 Firefox/138.0
[16-May-2025 13:13:25 America/Argentina/Buenos_Aires] [sql25]=====: 15
[16-May-2025 13:13:25 America/Argentina/Buenos_Aires] SQL25>>>>>: 15  type: integer
[16-May-2025 13:13:25 America/Argentina/Buenos_Aires] JSON SQL25: 15  DOC: 250516131325270  usuario: 25
[16-May-2025 13:13:26 America/Argentina/Buenos_Aires] 1	[2025-05-16 13:13:26 -03] [Exception] SQLSTATE[HY000]: General error: 3819 Check constraint 'LTYregistrocontrol_chk_1' is violated. in C:\DATOS\04.DESARROLLOS\tcontrol\Pages\Control\Routes\ix.php on line 329 | IP: ::1 | URI: /Pages/Control/Routes/ix.php | UA: Mozilla/5.0 (Windows NT 10.0; Win64; x64; rv:138.0) Gecko/20100101 Firefox/138.0
[16-May-2025 13:13:49 America/Argentina/Buenos_Aires] [sql25]=====: 15
[16-May-2025 13:13:49 America/Argentina/Buenos_Aires] SQL25>>>>>: 15  type: integer
[16-May-2025 13:13:49 America/Argentina/Buenos_Aires] JSON SQL25: 15  DOC: 250516131349717  usuario: 25
[16-May-2025 13:13:50 America/Argentina/Buenos_Aires] 1	[2025-05-16 13:13:50 -03] [Exception] SQLSTATE[HY000]: General error: 3819 Check constraint 'LTYregistrocontrol_chk_1' is violated. in C:\DATOS\04.DESARROLLOS\tcontrol\Pages\Control\Routes\ix.php on line 331 | IP: ::1 | URI: /Pages/Control/Routes/ix.php | UA: Mozilla/5.0 (Windows NT 10.0; Win64; x64; rv:138.0) Gecko/20100101 Firefox/138.0
[16-May-2025 13:14:34 America/Argentina/Buenos_Aires] [sql25]=====: 15
[16-May-2025 13:14:34 America/Argentina/Buenos_Aires] SQL25>>>>>: 15  type: integer
[16-May-2025 13:14:34 America/Argentina/Buenos_Aires] JSON SQL25: 15  DOC: 250516131434658  usuario: 25
[16-May-2025 13:14:35 America/Argentina/Buenos_Aires] 1	[2025-05-16 13:14:35 -03] [Exception] SQLSTATE[HY000]: General error: 3819 Check constraint 'LTYregistrocontrol_chk_1' is violated. in C:\DATOS\04.DESARROLLOS\tcontrol\Pages\Control\Routes\ix.php on line 333 | IP: ::1 | URI: /Pages/Control/Routes/ix.php | UA: Mozilla/5.0 (Windows NT 10.0; Win64; x64; rv:138.0) Gecko/20100101 Firefox/138.0
[16-May-2025 13:21:15 America/Argentina/Buenos_Aires] [sql25]=====: 15
[16-May-2025 13:21:15 America/Argentina/Buenos_Aires] SQL25>>>>>: 15  type: integer
[16-May-2025 13:21:15 America/Argentina/Buenos_Aires] JSON SQL25: 15  DOC: 250516132115558  usuario: 25
[16-May-2025 13:21:16 America/Argentina/Buenos_Aires] 1	[2025-05-16 13:21:16 -03] [Exception] SQLSTATE[HY000]: General error: 3819 Check constraint 'LTYregistrocontrol_chk_1' is violated. in C:\DATOS\04.DESARROLLOS\tcontrol\Pages\Control\Routes\ix.php on line 333 | IP: ::1 | URI: /Routes/index.php | UA: Mozilla/5.0 (Windows NT 10.0; Win64; x64; rv:138.0) Gecko/20100101 Firefox/138.0
[16-May-2025 13:22:03 America/Argentina/Buenos_Aires] [sql25]=====: 15
[16-May-2025 13:22:03 America/Argentina/Buenos_Aires] SQL25>>>>>: 15  type: integer
[16-May-2025 13:22:03 America/Argentina/Buenos_Aires] JSON SQL25: 15  DOC: 250516132203687  usuario: 25
[16-May-2025 13:22:04 America/Argentina/Buenos_Aires] 1	[2025-05-16 13:22:04 -03] [Exception] SQLSTATE[HY000]: General error: 3819 Check constraint 'LTYregistrocontrol_chk_1' is violated. in C:\DATOS\04.DESARROLLOS\tcontrol\Pages\Control\Routes\ix.php on line 333 | IP: ::1 | URI: /Pages/Control/Routes/ix.php | UA: Mozilla/5.0 (Windows NT 10.0; Win64; x64; rv:138.0) Gecko/20100101 Firefox/138.0
[16-May-2025 13:23:30 America/Argentina/Buenos_Aires] [sql25]=====: 15
[16-May-2025 13:23:30 America/Argentina/Buenos_Aires] SQL25>>>>>: 15  type: integer
[16-May-2025 13:23:30 America/Argentina/Buenos_Aires] JSON SQL25: 15  DOC: 250516132330151  usuario: 25
[16-May-2025 13:23:31 America/Argentina/Buenos_Aires] 1	[2025-05-16 13:23:31 -03] [Exception] SQLSTATE[HY000]: General error: 3819 Check constraint 'LTYregistrocontrol_chk_1' is violated. in C:\DATOS\04.DESARROLLOS\tcontrol\Pages\Control\Routes\ix.php on line 333 | IP: ::1 | URI: /Routes/index.php | UA: Mozilla/5.0 (Windows NT 10.0; Win64; x64; rv:138.0) Gecko/20100101 Firefox/138.0
[16-May-2025 13:25:21 America/Argentina/Buenos_Aires] ix-JSON response: Error al decodificar la cadena JSON
[16-May-2025 13:25:49 America/Argentina/Buenos_Aires] ix-JSON response: Error al decodificar la cadena JSON
[16-May-2025 13:26:39 America/Argentina/Buenos_Aires] ix-JSON response: Error al decodificar la cadena JSON
[16-May-2025 13:26:42 America/Argentina/Buenos_Aires] ix-JSON response: Error al decodificar la cadena JSON
[16-May-2025 13:26:42 America/Argentina/Buenos_Aires] ix-JSON response: Error al decodificar la cadena JSON
[16-May-2025 13:26:42 America/Argentina/Buenos_Aires] ix-JSON response: Error al decodificar la cadena JSON
[16-May-2025 13:26:42 America/Argentina/Buenos_Aires] ix-JSON response: Error al decodificar la cadena JSON
[16-May-2025 13:26:43 America/Argentina/Buenos_Aires] ix-JSON response: Error al decodificar la cadena JSON
[16-May-2025 13:27:25 America/Argentina/Buenos_Aires] [sql25]=====: 15
[16-May-2025 13:27:25 America/Argentina/Buenos_Aires] SQL25>>>>>: 15  type: integer
[16-May-2025 13:27:25 America/Argentina/Buenos_Aires] JSON SQL25: 15  DOC: 250516132725911  usuario: 25
[16-May-2025 13:28:07 America/Argentina/Buenos_Aires] [sql25]=====: 15
[16-May-2025 13:28:07 America/Argentina/Buenos_Aires] SQL25>>>>>: 15  type: integer
[16-May-2025 13:28:07 America/Argentina/Buenos_Aires] JSON SQL25: 15  DOC: 250516132807582  usuario: 25
[16-May-2025 16:35:14 America/Argentina/Buenos_Aires] [sql25]=====: 15
[16-May-2025 16:35:14 America/Argentina/Buenos_Aires] SQL25>>>>>: 15  type: integer
[16-May-2025 16:35:14 America/Argentina/Buenos_Aires] JSON SQL25: 15  DOC: 250516163514751  usuario: 25
[16-May-2025 16:35:15 America/Argentina/Buenos_Aires] 1	[2025-05-16 16:35:15 -03] [Exception] SQLSTATE[HY000]: General error: 3819 Check constraint 'LTYregistrocontrol_chk_1' is violated. in C:\DATOS\04.DESARROLLOS\tcontrol\Pages\Control\Routes\ix.php on line 335 | IP: ::1 | URI: /Pages/Control/Routes/ix.php | UA: Mozilla/5.0 (Windows NT 10.0; Win64; x64; rv:138.0) Gecko/20100101 Firefox/138.0
[16-May-2025 16:38:47 America/Argentina/Buenos_Aires] [sql25]=====: 15
[16-May-2025 16:38:47 America/Argentina/Buenos_Aires] SQL25>>>>>: 15  type: integer
[16-May-2025 16:38:47 America/Argentina/Buenos_Aires] JSON SQL25: 15  DOC: 250516163847345  usuario: 25
[16-May-2025 16:38:48 America/Argentina/Buenos_Aires] 1	[2025-05-16 16:38:48 -03] [Exception] SQLSTATE[HY000]: General error: 3819 Check constraint 'LTYregistrocontrol_chk_1' is violated. in C:\DATOS\04.DESARROLLOS\tcontrol\Pages\Control\Routes\ix.php on line 335 | IP: ::1 | URI: /Pages/Control/Routes/ix.php | UA: Mozilla/5.0 (Windows NT 10.0; Win64; x64; rv:138.0) Gecko/20100101 Firefox/138.0
[16-May-2025 16:39:18 America/Argentina/Buenos_Aires] [sql25]=====: 15
[16-May-2025 16:39:18 America/Argentina/Buenos_Aires] SQL25>>>>>: 15  type: integer
[16-May-2025 16:39:18 America/Argentina/Buenos_Aires] JSON SQL25: 15  DOC: 250516163918858  usuario: 25
[16-May-2025 16:39:19 America/Argentina/Buenos_Aires] 1	[2025-05-16 16:39:19 -03] [Exception] SQLSTATE[HY000]: General error: 3819 Check constraint 'LTYregistrocontrol_chk_1' is violated. in C:\DATOS\04.DESARROLLOS\tcontrol\Pages\Control\Routes\ix.php on line 335 | IP: ::1 | URI: /Pages/Control/Routes/ix.php | UA: Mozilla/5.0 (Windows NT 10.0; Win64; x64; rv:138.0) Gecko/20100101 Firefox/138.0
[16-May-2025 16:48:07 America/Argentina/Buenos_Aires] [sql25]=====: 15
[16-May-2025 16:48:07 America/Argentina/Buenos_Aires] SQL25>>>>>: 15  type: integer
[16-May-2025 16:48:07 America/Argentina/Buenos_Aires] JSON SQL25: 15  DOC: 250516164807955  usuario: 25
[16-May-2025 16:48:16 America/Argentina/Buenos_Aires] No se recibieron archivos válidos.
[19-May-2025 18:18:37 America/Argentina/Buenos_Aires] [sql25]=====: 15
[19-May-2025 18:18:37 America/Argentina/Buenos_Aires] SQL25>>>>>: 15  type: integer
[19-May-2025 18:18:37 America/Argentina/Buenos_Aires] JSON SQL25: 15  DOC: 250519181837623  usuario: 25
[19-May-2025 18:18:38 America/Argentina/Buenos_Aires] No se recibieron archivos válidos.
[19-May-2025 20:12:52 America/Argentina/Buenos_Aires] NUX>>>>>: 250519181837623
[19-May-2025 20:12:52 America/Argentina/Buenos_Aires] 1	[2025-05-19 20:12:52 -03] [Error 2] Undefined array key 0 in C:\DATOS\04.DESARROLLOS\tcontrol\Pages\Control\Routes\ux.php on line 92 | IP: ::1 | URI: /Routes/index.php | UA: Mozilla/5.0 (Windows NT 10.0; Win64; x64; rv:138.0) Gecko/20100101 Firefox/138.0
[19-May-2025 20:12:52 America/Argentina/Buenos_Aires] 1	[2025-05-19 20:12:52 -03] [Error 2] Undefined array key 0 in C:\DATOS\04.DESARROLLOS\tcontrol\Pages\Control\Routes\ux.php on line 92 | IP: ::1 | URI: /Routes/index.php | UA: Mozilla/5.0 (Windows NT 10.0; Win64; x64; rv:138.0) Gecko/20100101 Firefox/138.0
[19-May-2025 20:12:52 America/Argentina/Buenos_Aires] 1	[2025-05-19 20:12:52 -03] [Error 2] Undefined array key 0 in C:\DATOS\04.DESARROLLOS\tcontrol\Pages\Control\Routes\ux.php on line 128 | IP: ::1 | URI: /Routes/index.php | UA: Mozilla/5.0 (Windows NT 10.0; Win64; x64; rv:138.0) Gecko/20100101 Firefox/138.0
[19-May-2025 20:12:52 America/Argentina/Buenos_Aires] 1	[2025-05-19 20:12:52 -03] [Error 2] Undefined array key 0 in C:\DATOS\04.DESARROLLOS\tcontrol\Pages\Control\Routes\ux.php on line 128 | IP: ::1 | URI: /Routes/index.php | UA: Mozilla/5.0 (Windows NT 10.0; Win64; x64; rv:138.0) Gecko/20100101 Firefox/138.0
[19-May-2025 20:12:52 America/Argentina/Buenos_Aires] JSON UPDATE DOC: 250519181837623  usuario: 25
[19-May-2025 20:12:53 America/Argentina/Buenos_Aires] No se recibieron archivos válidos.
[21-May-2025 20:33:24 America/Argentina/Buenos_Aires] Error en on off reporte. Error: mysqli_sql_exception: Unknown column 'envioEmail' in 'field list' in C:\DATOS\04.DESARROLLOS\tcontrol\Pages\ListComunicacion\Routes\habilitarEmail.php:52
Stack trace:
#0 C:\DATOS\04.DESARROLLOS\tcontrol\Pages\ListComunicacion\Routes\habilitarEmail.php(52): mysqli->prepare('UPDATE LTYrepor...')
#1 C:\DATOS\04.DESARROLLOS\tcontrol\Pages\ListComunicacion\Routes\habilitarEmail.php(96): onOff(0, 1)
#2 C:\DATOS\04.DESARROLLOS\tcontrol\Routes\index.php(137): include_once('C:\\DATOS\\04.DES...')
#3 {main}
[21-May-2025 20:35:57 America/Argentina/Buenos_Aires] Error en on off reporte. Error: mysqli_sql_exception: Unknown column 'envioEmail' in 'field list' in C:\DATOS\04.DESARROLLOS\tcontrol\Pages\ListComunicacion\Routes\habilitarEmail.php:52
Stack trace:
#0 C:\DATOS\04.DESARROLLOS\tcontrol\Pages\ListComunicacion\Routes\habilitarEmail.php(52): mysqli->prepare('UPDATE LTYrepor...')
#1 C:\DATOS\04.DESARROLLOS\tcontrol\Pages\ListComunicacion\Routes\habilitarEmail.php(96): onOff(0, 1)
#2 C:\DATOS\04.DESARROLLOS\tcontrol\Routes\index.php(137): include_once('C:\\DATOS\\04.DES...')
#3 {main}
[21-May-2025 20:36:40 America/Argentina/Buenos_Aires] Error en on off reporte. Error: mysqli_sql_exception: Unknown column 'envioEmail' in 'field list' in C:\DATOS\04.DESARROLLOS\tcontrol\Pages\ListComunicacion\Routes\habilitarEmail.php:52
Stack trace:
#0 C:\DATOS\04.DESARROLLOS\tcontrol\Pages\ListComunicacion\Routes\habilitarEmail.php(52): mysqli->prepare('UPDATE LTYrepor...')
#1 C:\DATOS\04.DESARROLLOS\tcontrol\Pages\ListComunicacion\Routes\habilitarEmail.php(96): onOff(0, 1)
#2 C:\DATOS\04.DESARROLLOS\tcontrol\Routes\index.php(137): include_once('C:\\DATOS\\04.DES...')
#3 {main}
[21-May-2025 20:38:13 America/Argentina/Buenos_Aires] Error en on off reporte. Error: mysqli_sql_exception: Unknown column 'envioEmail' in 'field list' in C:\DATOS\04.DESARROLLOS\tcontrol\Pages\ListComunicacion\Routes\habilitarEmail.php:52
Stack trace:
#0 C:\DATOS\04.DESARROLLOS\tcontrol\Pages\ListComunicacion\Routes\habilitarEmail.php(52): mysqli->prepare('UPDATE LTYrepor...')
#1 C:\DATOS\04.DESARROLLOS\tcontrol\Pages\ListComunicacion\Routes\habilitarEmail.php(96): onOff(0, 1)
#2 C:\DATOS\04.DESARROLLOS\tcontrol\Routes\index.php(137): include_once('C:\\DATOS\\04.DES...')
#3 {main}
[26-May-2025 15:34:17 America/Argentina/Buenos_Aires] 1	[2025-05-26 15:34:17 -03] [Error 2] Undefined variable $q in C:\DATOS\04.DESARROLLOS\tcontrol\Pages\ListComunicacion\Routes\traerReglasComunicacion.php on line 114 | IP: ::1 | URI: /Routes/index.php | UA: Mozilla/5.0 (Windows NT 10.0; Win64; x64; rv:138.0) Gecko/20100101 Firefox/138.0
[26-May-2025 15:34:17 America/Argentina/Buenos_Aires] 1	[2025-05-26 15:34:17 -03] [Error 2] Undefined variable $q in C:\DATOS\04.DESARROLLOS\tcontrol\Pages\ListComunicacion\Routes\traerReglasComunicacion.php on line 120 | IP: ::1 | URI: /Routes/index.php | UA: Mozilla/5.0 (Windows NT 10.0; Win64; x64; rv:138.0) Gecko/20100101 Firefox/138.0
[26-May-2025 15:34:17 America/Argentina/Buenos_Aires] 1	[2025-05-26 15:34:17 -03] [Error 2] Undefined variable $sqlI in C:\DATOS\04.DESARROLLOS\tcontrol\Pages\ListComunicacion\Routes\traerReglasComunicacion.php on line 120 | IP: ::1 | URI: /Routes/index.php | UA: Mozilla/5.0 (Windows NT 10.0; Win64; x64; rv:138.0) Gecko/20100101 Firefox/138.0
[26-May-2025 15:34:17 America/Argentina/Buenos_Aires] 1	[2025-05-26 15:34:17 -03] [Exception] traeComunicacion(): Argument #1 ($idLTYReporte) must be of type int, null given, called in C:\DATOS\04.DESARROLLOS\tcontrol\Pages\ListComunicacion\Routes\traerReglasComunicacion.php on line 120 in C:\DATOS\04.DESARROLLOS\tcontrol\Pages\ListComunicacion\Routes\traerReglasComunicacion.php on line 9 | IP: ::1 | URI: /Routes/index.php | UA: Mozilla/5.0 (Windows NT 10.0; Win64; x64; rv:138.0) Gecko/20100101 Firefox/138.0
[26-May-2025 15:34:35 America/Argentina/Buenos_Aires] 1	[2025-05-26 15:34:35 -03] [Error 2] Undefined variable $q in C:\DATOS\04.DESARROLLOS\tcontrol\Pages\ListComunicacion\Routes\traerReglasComunicacion.php on line 114 | IP: ::1 | URI: /Routes/index.php | UA: Mozilla/5.0 (Windows NT 10.0; Win64; x64; rv:138.0) Gecko/20100101 Firefox/138.0
[26-May-2025 15:34:35 America/Argentina/Buenos_Aires] 1	[2025-05-26 15:34:35 -03] [Error 2] Undefined variable $q in C:\DATOS\04.DESARROLLOS\tcontrol\Pages\ListComunicacion\Routes\traerReglasComunicacion.php on line 120 | IP: ::1 | URI: /Routes/index.php | UA: Mozilla/5.0 (Windows NT 10.0; Win64; x64; rv:138.0) Gecko/20100101 Firefox/138.0
[26-May-2025 15:34:35 America/Argentina/Buenos_Aires] 1	[2025-05-26 15:34:35 -03] [Error 2] Undefined variable $sqlI in C:\DATOS\04.DESARROLLOS\tcontrol\Pages\ListComunicacion\Routes\traerReglasComunicacion.php on line 120 | IP: ::1 | URI: /Routes/index.php | UA: Mozilla/5.0 (Windows NT 10.0; Win64; x64; rv:138.0) Gecko/20100101 Firefox/138.0
[26-May-2025 15:34:35 America/Argentina/Buenos_Aires] 1	[2025-05-26 15:34:35 -03] [Exception] traeComunicacion(): Argument #1 ($idLTYReporte) must be of type int, null given, called in C:\DATOS\04.DESARROLLOS\tcontrol\Pages\ListComunicacion\Routes\traerReglasComunicacion.php on line 120 in C:\DATOS\04.DESARROLLOS\tcontrol\Pages\ListComunicacion\Routes\traerReglasComunicacion.php on line 9 | IP: ::1 | URI: /Routes/index.php | UA: Mozilla/5.0 (Windows NT 10.0; Win64; x64; rv:138.0) Gecko/20100101 Firefox/138.0
[26-May-2025 15:39:36 America/Argentina/Buenos_Aires] 1	[2025-05-26 15:39:36 -03] [Error 2] Undefined variable $q in C:\DATOS\04.DESARROLLOS\tcontrol\Pages\ListComunicacion\Routes\traerReglasComunicacion.php on line 114 | IP: ::1 | URI: /Pages/ListComunicacion/Routes/traerReglasComunicacion.php | UA: Mozilla/5.0 (Windows NT 10.0; Win64; x64; rv:138.0) Gecko/20100101 Firefox/138.0
[26-May-2025 15:39:36 America/Argentina/Buenos_Aires] 1	[2025-05-26 15:39:36 -03] [Error 2] Undefined variable $q in C:\DATOS\04.DESARROLLOS\tcontrol\Pages\ListComunicacion\Routes\traerReglasComunicacion.php on line 120 | IP: ::1 | URI: /Pages/ListComunicacion/Routes/traerReglasComunicacion.php | UA: Mozilla/5.0 (Windows NT 10.0; Win64; x64; rv:138.0) Gecko/20100101 Firefox/138.0
[26-May-2025 15:39:37 America/Argentina/Buenos_Aires] 1	[2025-05-26 15:39:36 -03] [Error 2] Undefined variable $sqlI in C:\DATOS\04.DESARROLLOS\tcontrol\Pages\ListComunicacion\Routes\traerReglasComunicacion.php on line 120 | IP: ::1 | URI: /Pages/ListComunicacion/Routes/traerReglasComunicacion.php | UA: Mozilla/5.0 (Windows NT 10.0; Win64; x64; rv:138.0) Gecko/20100101 Firefox/138.0
[26-May-2025 15:39:37 America/Argentina/Buenos_Aires] 1	[2025-05-26 15:39:37 -03] [Exception] traeComunicacion(): Argument #1 ($idLTYReporte) must be of type int, null given, called in C:\DATOS\04.DESARROLLOS\tcontrol\Pages\ListComunicacion\Routes\traerReglasComunicacion.php on line 120 in C:\DATOS\04.DESARROLLOS\tcontrol\Pages\ListComunicacion\Routes\traerReglasComunicacion.php on line 9 | IP: ::1 | URI: /Pages/ListComunicacion/Routes/traerReglasComunicacion.php | UA: Mozilla/5.0 (Windows NT 10.0; Win64; x64; rv:138.0) Gecko/20100101 Firefox/138.0
[26-May-2025 15:42:26 America/Argentina/Buenos_Aires] 1	[2025-05-26 15:42:26 -03] [Error 2] Undefined variable $q in C:\DATOS\04.DESARROLLOS\tcontrol\Pages\ListComunicacion\Routes\traerReglasComunicacion.php on line 115 | IP: ::1 | URI: /Pages/ListComunicacion/Routes/traerReglasComunicacion.php | UA: Mozilla/5.0 (Windows NT 10.0; Win64; x64; rv:138.0) Gecko/20100101 Firefox/138.0
[26-May-2025 15:42:26 America/Argentina/Buenos_Aires] 1	[2025-05-26 15:42:26 -03] [Error 2] Undefined variable $q in C:\DATOS\04.DESARROLLOS\tcontrol\Pages\ListComunicacion\Routes\traerReglasComunicacion.php on line 121 | IP: ::1 | URI: /Pages/ListComunicacion/Routes/traerReglasComunicacion.php | UA: Mozilla/5.0 (Windows NT 10.0; Win64; x64; rv:138.0) Gecko/20100101 Firefox/138.0
[26-May-2025 15:42:26 America/Argentina/Buenos_Aires] 1	[2025-05-26 15:42:26 -03] [Error 2] Undefined variable $sqlI in C:\DATOS\04.DESARROLLOS\tcontrol\Pages\ListComunicacion\Routes\traerReglasComunicacion.php on line 121 | IP: ::1 | URI: /Pages/ListComunicacion/Routes/traerReglasComunicacion.php | UA: Mozilla/5.0 (Windows NT 10.0; Win64; x64; rv:138.0) Gecko/20100101 Firefox/138.0
[26-May-2025 15:42:26 America/Argentina/Buenos_Aires] 1	[2025-05-26 15:42:26 -03] [Exception] traeComunicacion(): Argument #1 ($idLTYReporte) must be of type int, null given, called in C:\DATOS\04.DESARROLLOS\tcontrol\Pages\ListComunicacion\Routes\traerReglasComunicacion.php on line 121 in C:\DATOS\04.DESARROLLOS\tcontrol\Pages\ListComunicacion\Routes\traerReglasComunicacion.php on line 9 | IP: ::1 | URI: /Pages/ListComunicacion/Routes/traerReglasComunicacion.php | UA: Mozilla/5.0 (Windows NT 10.0; Win64; x64; rv:138.0) Gecko/20100101 Firefox/138.0
[26-May-2025 15:43:03 America/Argentina/Buenos_Aires] 1	[2025-05-26 15:43:03 -03] [Error 2] Undefined variable $q in C:\DATOS\04.DESARROLLOS\tcontrol\Pages\ListComunicacion\Routes\traerReglasComunicacion.php on line 115 | IP: ::1 | URI: /Pages/ListComunicacion/Routes/traerReglasComunicacion.php | UA: Mozilla/5.0 (Windows NT 10.0; Win64; x64; rv:138.0) Gecko/20100101 Firefox/138.0
[26-May-2025 15:43:03 America/Argentina/Buenos_Aires] 1	[2025-05-26 15:43:03 -03] [Error 2] Undefined variable $q in C:\DATOS\04.DESARROLLOS\tcontrol\Pages\ListComunicacion\Routes\traerReglasComunicacion.php on line 121 | IP: ::1 | URI: /Pages/ListComunicacion/Routes/traerReglasComunicacion.php | UA: Mozilla/5.0 (Windows NT 10.0; Win64; x64; rv:138.0) Gecko/20100101 Firefox/138.0
[26-May-2025 15:43:03 America/Argentina/Buenos_Aires] 1	[2025-05-26 15:43:03 -03] [Error 2] Undefined variable $sqlI in C:\DATOS\04.DESARROLLOS\tcontrol\Pages\ListComunicacion\Routes\traerReglasComunicacion.php on line 121 | IP: ::1 | URI: /Pages/ListComunicacion/Routes/traerReglasComunicacion.php | UA: Mozilla/5.0 (Windows NT 10.0; Win64; x64; rv:138.0) Gecko/20100101 Firefox/138.0
[26-May-2025 15:43:03 America/Argentina/Buenos_Aires] 1	[2025-05-26 15:43:03 -03] [Exception] traeComunicacion(): Argument #1 ($idLTYReporte) must be of type int, null given, called in C:\DATOS\04.DESARROLLOS\tcontrol\Pages\ListComunicacion\Routes\traerReglasComunicacion.php on line 121 in C:\DATOS\04.DESARROLLOS\tcontrol\Pages\ListComunicacion\Routes\traerReglasComunicacion.php on line 9 | IP: ::1 | URI: /Pages/ListComunicacion/Routes/traerReglasComunicacion.php | UA: Mozilla/5.0 (Windows NT 10.0; Win64; x64; rv:138.0) Gecko/20100101 Firefox/138.0
[26-May-2025 15:43:25 America/Argentina/Buenos_Aires] 1	[2025-05-26 15:43:25 -03] [Error 2] Undefined variable $q in C:\DATOS\04.DESARROLLOS\tcontrol\Pages\ListComunicacion\Routes\traerReglasComunicacion.php on line 115 | IP: ::1 | URI: /Pages/ListComunicacion/Routes/traerReglasComunicacion.php | UA: Mozilla/5.0 (Windows NT 10.0; Win64; x64; rv:138.0) Gecko/20100101 Firefox/138.0
[26-May-2025 15:43:25 America/Argentina/Buenos_Aires] 1	[2025-05-26 15:43:25 -03] [Error 2] Undefined variable $q in C:\DATOS\04.DESARROLLOS\tcontrol\Pages\ListComunicacion\Routes\traerReglasComunicacion.php on line 121 | IP: ::1 | URI: /Pages/ListComunicacion/Routes/traerReglasComunicacion.php | UA: Mozilla/5.0 (Windows NT 10.0; Win64; x64; rv:138.0) Gecko/20100101 Firefox/138.0
[26-May-2025 15:43:25 America/Argentina/Buenos_Aires] 1	[2025-05-26 15:43:25 -03] [Error 2] Undefined variable $sqlI in C:\DATOS\04.DESARROLLOS\tcontrol\Pages\ListComunicacion\Routes\traerReglasComunicacion.php on line 121 | IP: ::1 | URI: /Pages/ListComunicacion/Routes/traerReglasComunicacion.php | UA: Mozilla/5.0 (Windows NT 10.0; Win64; x64; rv:138.0) Gecko/20100101 Firefox/138.0
[26-May-2025 15:43:25 America/Argentina/Buenos_Aires] 1	[2025-05-26 15:43:25 -03] [Exception] traeComunicacion(): Argument #1 ($idLTYReporte) must be of type int, null given, called in C:\DATOS\04.DESARROLLOS\tcontrol\Pages\ListComunicacion\Routes\traerReglasComunicacion.php on line 121 in C:\DATOS\04.DESARROLLOS\tcontrol\Pages\ListComunicacion\Routes\traerReglasComunicacion.php on line 9 | IP: ::1 | URI: /Pages/ListComunicacion/Routes/traerReglasComunicacion.php | UA: Mozilla/5.0 (Windows NT 10.0; Win64; x64; rv:138.0) Gecko/20100101 Firefox/138.0
[26-May-2025 15:43:49 America/Argentina/Buenos_Aires] 1	[2025-05-26 15:43:49 -03] [Error 2] Undefined variable $q in C:\DATOS\04.DESARROLLOS\tcontrol\Pages\ListComunicacion\Routes\traerReglasComunicacion.php on line 115 | IP: ::1 | URI: /Pages/ListComunicacion/Routes/traerReglasComunicacion.php | UA: Mozilla/5.0 (Windows NT 10.0; Win64; x64; rv:138.0) Gecko/20100101 Firefox/138.0
[26-May-2025 15:43:49 America/Argentina/Buenos_Aires] 1	[2025-05-26 15:43:49 -03] [Error 2] Undefined variable $q in C:\DATOS\04.DESARROLLOS\tcontrol\Pages\ListComunicacion\Routes\traerReglasComunicacion.php on line 121 | IP: ::1 | URI: /Pages/ListComunicacion/Routes/traerReglasComunicacion.php | UA: Mozilla/5.0 (Windows NT 10.0; Win64; x64; rv:138.0) Gecko/20100101 Firefox/138.0
[26-May-2025 15:43:49 America/Argentina/Buenos_Aires] 1	[2025-05-26 15:43:49 -03] [Error 2] Undefined variable $sqlI in C:\DATOS\04.DESARROLLOS\tcontrol\Pages\ListComunicacion\Routes\traerReglasComunicacion.php on line 121 | IP: ::1 | URI: /Pages/ListComunicacion/Routes/traerReglasComunicacion.php | UA: Mozilla/5.0 (Windows NT 10.0; Win64; x64; rv:138.0) Gecko/20100101 Firefox/138.0
[26-May-2025 15:43:49 America/Argentina/Buenos_Aires] 1	[2025-05-26 15:43:49 -03] [Exception] traeComunicacion(): Argument #1 ($idLTYReporte) must be of type int, null given, called in C:\DATOS\04.DESARROLLOS\tcontrol\Pages\ListComunicacion\Routes\traerReglasComunicacion.php on line 121 in C:\DATOS\04.DESARROLLOS\tcontrol\Pages\ListComunicacion\Routes\traerReglasComunicacion.php on line 9 | IP: ::1 | URI: /Pages/ListComunicacion/Routes/traerReglasComunicacion.php | UA: Mozilla/5.0 (Windows NT 10.0; Win64; x64; rv:138.0) Gecko/20100101 Firefox/138.0
[26-May-2025 18:14:55 America/Argentina/Buenos_Aires] [sql25]=====: 15
[26-May-2025 18:14:55 America/Argentina/Buenos_Aires] SQL25>>>>>: 15  type: integer
[26-May-2025 18:14:55 America/Argentina/Buenos_Aires] JSON SQL25: 15  DOC: 250526181455772  usuario: 25
[26-May-2025 18:18:19 America/Argentina/Buenos_Aires] [sql25]=====: 15
[26-May-2025 18:18:19 America/Argentina/Buenos_Aires] SQL25>>>>>: 15  type: integer
[26-May-2025 18:18:19 America/Argentina/Buenos_Aires] JSON SQL25: 15  DOC: 250526181819767  usuario: 25
[26-May-2025 18:21:26 America/Argentina/Buenos_Aires] [sql25]=====: 15
[26-May-2025 18:21:26 America/Argentina/Buenos_Aires] SQL25>>>>>: 15  type: integer
[26-May-2025 18:21:26 America/Argentina/Buenos_Aires] JSON SQL25: 15  DOC: 250526182126627  usuario: 25
[26-May-2025 18:24:42 America/Argentina/Buenos_Aires] [sql25]=====: 15
[26-May-2025 18:24:42 America/Argentina/Buenos_Aires] SQL25>>>>>: 15  type: integer
[26-May-2025 18:24:42 America/Argentina/Buenos_Aires] JSON SQL25: 15  DOC: 250526182442398  usuario: 25
