[2024-07-16 14:46:26] Error al lanzar el script de cola.
[2024-07-16 14:52:29] Salida de exec: 
[2024-07-16 14:52:29] Valor de retorno de exec: 
[2024-07-16 14:52:29] Error al lanzar el script de cola.
[2024-07-16 15:09:06] Ejecutando comando: start /B php "D:/04.DESARROLLOS/tcontrol/Nodemailer/Routes/queue_processor.php"
[2024-07-16 15:10:11] Salida de exec: 
[2024-07-16 15:10:11] Valor de retorno de exec: 
[2024-07-16 15:10:11] Error al lanzar el script de cola.
[2024-07-16 15:14:56] Error al lanzar el script de cola.
[2024-07-16 15:17:00] Error al lanzar el script de cola.
[2024-07-16 15:26:55] Script de cola lanzado correctamente. PID: 
[2024-07-16 15:29:41] Script de cola lanzado correctamente. PID: 
[2024-07-16 15:35:07] Error al lanzar el script de cola.
[2024-07-16 15:38:17] Error al lanzar el script de cola.
[2024-07-16 16:03:27] Error al lanzar el script de cola.
[2024-07-16 16:06:12] Error al lanzar el script de cola.
[2024-07-16 16:09:09] Error al lanzar el script de cola.
[2024-07-16 16:11:22] Error al lanzar el script de cola.
[2024-07-16 16:15:19] Error al lanzar el script de cola.
[2024-07-16 16:18:01] Error al lanzar el script de cola.
[2024-07-16 16:21:08] Error al lanzar el script de cola.
[2024-07-16 16:45:35] Error al lanzar el script de cola.
[2024-07-16 20:30:14] Script de cola lanzado con PID: Notice: Undefined variable: iterations in D:\04.DESARROLLOS\tcontrol\Nodemailer\Routes\queue_processor.php on line 163
[2024-07-16 20:32:01] Error al lanzar el script de cola.
[2024-07-16 20:36:00] Error al lanzar el script de cola.
[2024-07-16 20:39:08] Error al lanzar el script de cola.
[2024-07-16 20:47:33] Error al lanzar el script de cola.
[2024-07-16 20:50:39] Error al lanzar el script de cola.
[2024-07-17 19:13:56] Error al lanzar el script de cola.
[2024-07-18 08:07:15] Error al lanzar el script de cola.
[2024-07-20 17:35:47] Error al lanzar el script de cola.
[2024-07-22 20:33:57] Error al lanzar el script de cola.
[2024-07-22 20:35:27] Error al lanzar el script de cola.
[2024-07-22 20:48:50] Error al lanzar el script de cola.
[2024-07-22 20:50:51] Error al lanzar el script de cola.
[2024-07-22 20:52:35] Error al lanzar el script de cola.
[2024-07-22 20:54:21] Error al lanzar el script de cola.
[2024-07-22 20:55:36] Error al lanzar el script de cola.
[2024-07-22 20:59:05] Error al lanzar el script de cola.
[2024-07-22 21:12:34] Error al lanzar el script de cola.
[2024-07-22 21:14:15] Error al lanzar el script de cola.
[2024-07-22 21:21:19] Error al lanzar el script de cola.
[2024-07-22 21:23:17] Error al lanzar el script de cola.
[2024-07-22 21:25:44] Error al lanzar el script de cola.
[2024-07-22 21:27:47] Error al lanzar el script de cola.
[2024-07-22 21:30:11] Error al lanzar el script de cola.
[2024-07-22 21:33:22] Error al lanzar el script de cola.
[2024-07-22 21:35:06] Error al lanzar el script de cola.
[2024-07-22 21:39:06] Error al lanzar el script de cola.
[2024-07-22 21:46:14] Error al lanzar el script de cola.
[2024-07-22 21:50:35] Error al lanzar el script de cola.
[2024-07-22 21:53:04] Error al lanzar el script de cola.
[2024-07-22 22:01:10] Error al lanzar el script de cola.
[2024-07-22 23:28:53] Error al lanzar el script de cola.
[2024-07-23 10:07:01] Error al lanzar el script de cola.
[2024-07-23 10:21:32] Error al lanzar el script de cola.
[2024-07-23 10:39:25] Script de cola lanzado con PID: 
[2024-07-23 10:52:52] Script de cola lanzado con PID: 
